<?xml version="1.0" encoding="UTF-8"?>
<!-- Generated by org.testng.reporters.JUnitReportReporter -->
<testsuite hostname="DESKTOP-AR6KJ44" failures="0" tests="2" name="tests.FormTest" time="18.607" errors="0" timestamp="2022-12-17T23:28:59 ICT" skipped="0">
  <testcase classname="tests.FormTest" name="submitDataUnsuccess" time="8.303"/>
  <system-out/>
  <testcase classname="tests.FormTest" name="submitDataSuccess" time="10.304"/>
  <system-out/>
</testsuite> <!-- tests.FormTest -->
