<?xml version="1.0" encoding="UTF-8"?>
<!-- Generated by org.testng.reporters.JUnitReportReporter -->
<testsuite hostname="DESKTOP-AR6KJ44" failures="0" tests="2" name="tests.TextBoxTest" time="44.425" errors="0" timestamp="2022-12-17T22:49:36 ICT" skipped="0">
  <testcase classname="tests.TextBoxTest" name="submitSuccessfully" time="16.338"/>
  <system-out/>
  <testcase classname="tests.TextBoxTest" name="submitSuccessfully" time="28.087"/>
  <system-out/>
</testsuite> <!-- tests.TextBoxTest -->
